[debug] [2021-01-28T10:32:03.911Z] ----------------------------------------------------------------------
[debug] [2021-01-28T10:32:03.913Z] Command:       C:\Program Files\nodejs\node.exe C:\Users\BI20171713\AppData\Roaming\npm\node_modules\firebase-tools\lib\bin\firebase.js login
[debug] [2021-01-28T10:32:03.914Z] CLI Version:   9.2.2
[debug] [2021-01-28T10:32:03.914Z] Platform:      win32
[debug] [2021-01-28T10:32:03.914Z] Node Version:  v14.15.1
[debug] [2021-01-28T10:32:03.918Z] Time:          Thu Jan 28 2021 16:02:03 GMT+0530 (India Standard Time)
[debug] [2021-01-28T10:32:03.918Z] ----------------------------------------------------------------------
[debug] [2021-01-28T10:32:03.918Z] 
[debug] [2021-01-28T10:32:03.923Z] >>> [apiv2][query] GET https://firebase-public.firebaseio.com/cli.json [none]
[info] i  Firebase optionally collects CLI usage and error reporting information to help improve our products. Data is collected in accordance with Google's privacy policy (https://policies.google.com/privacy) and is not used to identify you.
 
[debug] [2021-01-28T10:32:05.281Z] <<< [apiv2][status] GET https://firebase-public.firebaseio.com/cli.json 200
[debug] [2021-01-28T10:32:05.282Z] <<< [apiv2][body] GET https://firebase-public.firebaseio.com/cli.json {"cloudBuildErrorAfter":1594252800000,"cloudBuildWarnAfter":1590019200000,"defaultNode10After":1594252800000,"minVersion":"3.0.5","node8DeploysDisabledAfter":1613390400000,"node8RuntimeDisabledAfter":1615809600000,"node8WarnAfter":1600128000000}
[info] i  To change your data collection preference at any time, run `firebase logout` and log in again. 
[info] 
[info] Visit this URL on this device to log in:
[info] https://accounts.google.com/o/oauth2/auth?client_id=563584335869-fgrhgmd47bqnekij5i8b5pr03ho849e6.apps.googleusercontent.com&scope=email%20openid%20https%3A%2F%2Fwww.googleapis.com%2Fauth%2Fcloudplatformprojects.readonly%20https%3A%2F%2Fwww.googleapis.com%2Fauth%2Ffirebase%20https%3A%2F%2Fwww.googleapis.com%2Fauth%2Fcloud-platform&response_type=code&state=38435631&redirect_uri=http%3A%2F%2Flocalhost%3A9005
[info] 
[info] Waiting for authentication...
[debug] [2021-01-28T10:32:43.107Z] >>> HTTP REQUEST POST https://accounts.google.com/o/oauth2/token  
 {"code":"4/0AY0e-g4C4kjv_Q-VnQmFKNkLbFt9Pj_zSxTXRNVHgGF0BPfUlSDt-xBw-uKFfsk8XwHMbQ","client_id":"563584335869-fgrhgmd47bqnekij5i8b5pr03ho849e6.apps.googleusercontent.com","client_secret":"j9iVZfS8kkCEFUPaAeJV0sAi","redirect_uri":"http://localhost:9005","grant_type":"authorization_code"}
[debug] [2021-01-28T10:32:43.383Z] Token Fetch Error: FirebaseError: Server Error. unable to get local issuer certificate
    at Request._callback (C:\Users\BI20171713\AppData\Roaming\npm\node_modules\firebase-tools\lib\api.js:32:31)
    at self.callback (C:\Users\BI20171713\AppData\Roaming\npm\node_modules\firebase-tools\node_modules\request\request.js:185:22)
    at Request.emit (events.js:315:20)
    at Request.EventEmitter.emit (domain.js:486:12)
    at Request.onRequestError (C:\Users\BI20171713\AppData\Roaming\npm\node_modules\firebase-tools\node_modules\request\request.js:877:8)
    at ClientRequest.emit (events.js:315:20)
    at ClientRequest.EventEmitter.emit (domain.js:486:12)
    at TLSSocket.socketErrorListener (_http_client.js:469:9)
    at TLSSocket.emit (events.js:315:20)
    at TLSSocket.EventEmitter.emit (domain.js:486:12)
    at emitErrorNT (internal/streams/destroy.js:106:8)
    at emitErrorCloseNT (internal/streams/destroy.js:74:3)
    at processTicksAndRejections (internal/process/task_queues.js:80:21)
[debug] [2021-01-28T10:33:24.470Z] >>> HTTP REQUEST POST https://accounts.google.com/o/oauth2/token  
 {"code":"4/0AY0e-g5PLpp1xWUUx75oY0hPd4WHTG4Mok1nRf5zHS353gIhBT6jysOxQel27IddungSzQ","client_id":"563584335869-fgrhgmd47bqnekij5i8b5pr03ho849e6.apps.googleusercontent.com","client_secret":"j9iVZfS8kkCEFUPaAeJV0sAi","redirect_uri":"http://localhost:9005","grant_type":"authorization_code"}
[debug] [2021-01-28T10:33:24.758Z] Token Fetch Error: FirebaseError: Server Error. unable to get local issuer certificate
    at Request._callback (C:\Users\BI20171713\AppData\Roaming\npm\node_modules\firebase-tools\lib\api.js:32:31)
    at self.callback (C:\Users\BI20171713\AppData\Roaming\npm\node_modules\firebase-tools\node_modules\request\request.js:185:22)
    at Request.emit (events.js:315:20)
    at Request.EventEmitter.emit (domain.js:486:12)
    at Request.onRequestError (C:\Users\BI20171713\AppData\Roaming\npm\node_modules\firebase-tools\node_modules\request\request.js:877:8)
    at ClientRequest.emit (events.js:315:20)
    at ClientRequest.EventEmitter.emit (domain.js:486:12)
    at TLSSocket.socketErrorListener (_http_client.js:469:9)
    at TLSSocket.emit (events.js:315:20)
    at TLSSocket.EventEmitter.emit (domain.js:486:12)
    at emitErrorNT (internal/streams/destroy.js:106:8)
    at emitErrorCloseNT (internal/streams/destroy.js:74:3)
    at processTicksAndRejections (internal/process/task_queues.js:80:21)
[debug] [2021-01-28T10:33:46.168Z] ----------------------------------------------------------------------
[debug] [2021-01-28T10:33:46.170Z] Command:       C:\Program Files\nodejs\node.exe C:\Users\BI20171713\AppData\Roaming\npm\node_modules\firebase-tools\lib\bin\firebase.js login
[debug] [2021-01-28T10:33:46.171Z] CLI Version:   9.2.2
[debug] [2021-01-28T10:33:46.171Z] Platform:      win32
[debug] [2021-01-28T10:33:46.171Z] Node Version:  v14.15.1
[debug] [2021-01-28T10:33:46.174Z] Time:          Thu Jan 28 2021 16:03:46 GMT+0530 (India Standard Time)
[debug] [2021-01-28T10:33:46.174Z] ----------------------------------------------------------------------
[debug] [2021-01-28T10:33:46.174Z] 
[info] i  Firebase optionally collects CLI usage and error reporting information to help improve our products. Data is collected in accordance with Google's privacy policy (https://policies.google.com/privacy) and is not used to identify you.
 
[info] i  To change your data collection preference at any time, run `firebase logout` and log in again. 
[info] 
[info] Visit this URL on this device to log in:
[info] https://accounts.google.com/o/oauth2/auth?client_id=563584335869-fgrhgmd47bqnekij5i8b5pr03ho849e6.apps.googleusercontent.com&scope=email%20openid%20https%3A%2F%2Fwww.googleapis.com%2Fauth%2Fcloudplatformprojects.readonly%20https%3A%2F%2Fwww.googleapis.com%2Fauth%2Ffirebase%20https%3A%2F%2Fwww.googleapis.com%2Fauth%2Fcloud-platform&response_type=code&state=301321217&redirect_uri=http%3A%2F%2Flocalhost%3A9005
[info] 
[info] Waiting for authentication...
[debug] [2021-01-28T10:35:00.901Z] >>> HTTP REQUEST POST https://accounts.google.com/o/oauth2/token  
 {"code":"4/0AY0e-g7QlbA9KIuhPMdBXKROFV1kKTbjz_VvK2u_TsBSqxi3Gjrr1Nnx-6xOitCKtQB_qQ","client_id":"563584335869-fgrhgmd47bqnekij5i8b5pr03ho849e6.apps.googleusercontent.com","client_secret":"j9iVZfS8kkCEFUPaAeJV0sAi","redirect_uri":"http://localhost:9005","grant_type":"authorization_code"}
[debug] [2021-01-28T10:35:01.219Z] Token Fetch Error: FirebaseError: Server Error. unable to get local issuer certificate
    at Request._callback (C:\Users\BI20171713\AppData\Roaming\npm\node_modules\firebase-tools\lib\api.js:32:31)
    at self.callback (C:\Users\BI20171713\AppData\Roaming\npm\node_modules\firebase-tools\node_modules\request\request.js:185:22)
    at Request.emit (events.js:315:20)
    at Request.EventEmitter.emit (domain.js:486:12)
    at Request.onRequestError (C:\Users\BI20171713\AppData\Roaming\npm\node_modules\firebase-tools\node_modules\request\request.js:877:8)
    at ClientRequest.emit (events.js:315:20)
    at ClientRequest.EventEmitter.emit (domain.js:486:12)
    at TLSSocket.socketErrorListener (_http_client.js:469:9)
    at TLSSocket.emit (events.js:315:20)
    at TLSSocket.EventEmitter.emit (domain.js:486:12)
    at emitErrorNT (internal/streams/destroy.js:106:8)
    at emitErrorCloseNT (internal/streams/destroy.js:74:3)
    at processTicksAndRejections (internal/process/task_queues.js:80:21)
[debug] [2021-01-28T10:36:30.010Z] ----------------------------------------------------------------------
[debug] [2021-01-28T10:36:30.013Z] Command:       C:\Program Files\nodejs\node.exe C:\Users\BI20171713\AppData\Roaming\npm\node_modules\firebase-tools\lib\bin\firebase.js login
[debug] [2021-01-28T10:36:30.014Z] CLI Version:   9.2.2
[debug] [2021-01-28T10:36:30.014Z] Platform:      win32
[debug] [2021-01-28T10:36:30.014Z] Node Version:  v14.15.1
[debug] [2021-01-28T10:36:30.018Z] Time:          Thu Jan 28 2021 16:06:30 GMT+0530 (India Standard Time)
[debug] [2021-01-28T10:36:30.019Z] ----------------------------------------------------------------------
[debug] [2021-01-28T10:36:30.019Z] 
[info] i  Firebase optionally collects CLI usage and error reporting information to help improve our products. Data is collected in accordance with Google's privacy policy (https://policies.google.com/privacy) and is not used to identify you.
 
[info] i  To change your data collection preference at any time, run `firebase logout` and log in again. 
[info] 
[info] Visit this URL on this device to log in:
[info] https://accounts.google.com/o/oauth2/auth?client_id=563584335869-fgrhgmd47bqnekij5i8b5pr03ho849e6.apps.googleusercontent.com&scope=email%20openid%20https%3A%2F%2Fwww.googleapis.com%2Fauth%2Fcloudplatformprojects.readonly%20https%3A%2F%2Fwww.googleapis.com%2Fauth%2Ffirebase%20https%3A%2F%2Fwww.googleapis.com%2Fauth%2Fcloud-platform&response_type=code&state=1063806393&redirect_uri=http%3A%2F%2Flocalhost%3A9005
[info] 
[info] Waiting for authentication...
[debug] [2021-01-28T10:36:42.375Z] >>> HTTP REQUEST POST https://accounts.google.com/o/oauth2/token  
 {"code":"4/0AY0e-g6vl6HNdKNtD_SyZmkLlsiLoBeTUyjepFmmNfXcjexlDLu2poc6dRmqow18WynPTg","client_id":"563584335869-fgrhgmd47bqnekij5i8b5pr03ho849e6.apps.googleusercontent.com","client_secret":"j9iVZfS8kkCEFUPaAeJV0sAi","redirect_uri":"http://localhost:9005","grant_type":"authorization_code"}
[debug] [2021-01-28T10:36:42.669Z] Token Fetch Error: FirebaseError: Server Error. unable to get local issuer certificate
    at Request._callback (C:\Users\BI20171713\AppData\Roaming\npm\node_modules\firebase-tools\lib\api.js:32:31)
    at self.callback (C:\Users\BI20171713\AppData\Roaming\npm\node_modules\firebase-tools\node_modules\request\request.js:185:22)
    at Request.emit (events.js:315:20)
    at Request.EventEmitter.emit (domain.js:486:12)
    at Request.onRequestError (C:\Users\BI20171713\AppData\Roaming\npm\node_modules\firebase-tools\node_modules\request\request.js:877:8)
    at ClientRequest.emit (events.js:315:20)
    at ClientRequest.EventEmitter.emit (domain.js:486:12)
    at TLSSocket.socketErrorListener (_http_client.js:469:9)
    at TLSSocket.emit (events.js:315:20)
    at TLSSocket.EventEmitter.emit (domain.js:486:12)
    at emitErrorNT (internal/streams/destroy.js:106:8)
    at emitErrorCloseNT (internal/streams/destroy.js:74:3)
    at processTicksAndRejections (internal/process/task_queues.js:80:21)
[debug] [2021-01-28T10:37:00.637Z] >>> HTTP REQUEST POST https://accounts.google.com/o/oauth2/token  
 {"code":"4/0AY0e-g6lDz4dUNvf7Ezi6ySZZuYsuap3O9fXZnz-hmwrmB-Od_ZTMIe6TZn-hold1YHWOw","client_id":"563584335869-fgrhgmd47bqnekij5i8b5pr03ho849e6.apps.googleusercontent.com","client_secret":"j9iVZfS8kkCEFUPaAeJV0sAi","redirect_uri":"http://localhost:9005","grant_type":"authorization_code"}
[debug] [2021-01-28T10:37:00.893Z] Token Fetch Error: FirebaseError: Server Error. unable to get local issuer certificate
    at Request._callback (C:\Users\BI20171713\AppData\Roaming\npm\node_modules\firebase-tools\lib\api.js:32:31)
    at self.callback (C:\Users\BI20171713\AppData\Roaming\npm\node_modules\firebase-tools\node_modules\request\request.js:185:22)
    at Request.emit (events.js:315:20)
    at Request.EventEmitter.emit (domain.js:486:12)
    at Request.onRequestError (C:\Users\BI20171713\AppData\Roaming\npm\node_modules\firebase-tools\node_modules\request\request.js:877:8)
    at ClientRequest.emit (events.js:315:20)
    at ClientRequest.EventEmitter.emit (domain.js:486:12)
    at TLSSocket.socketErrorListener (_http_client.js:469:9)
    at TLSSocket.emit (events.js:315:20)
    at TLSSocket.EventEmitter.emit (domain.js:486:12)
    at emitErrorNT (internal/streams/destroy.js:106:8)
    at emitErrorCloseNT (internal/streams/destroy.js:74:3)
    at processTicksAndRejections (internal/process/task_queues.js:80:21)
[debug] [2021-01-28T10:37:23.965Z] ----------------------------------------------------------------------
[debug] [2021-01-28T10:37:23.967Z] Command:       C:\Program Files\nodejs\node.exe C:\Users\BI20171713\AppData\Roaming\npm\node_modules\firebase-tools\lib\bin\firebase.js login
[debug] [2021-01-28T10:37:23.968Z] CLI Version:   9.2.2
[debug] [2021-01-28T10:37:23.968Z] Platform:      win32
[debug] [2021-01-28T10:37:23.968Z] Node Version:  v14.15.1
[debug] [2021-01-28T10:37:23.971Z] Time:          Thu Jan 28 2021 16:07:23 GMT+0530 (India Standard Time)
[debug] [2021-01-28T10:37:23.971Z] ----------------------------------------------------------------------
[debug] [2021-01-28T10:37:23.971Z] 
[info] i  Firebase optionally collects CLI usage and error reporting information to help improve our products. Data is collected in accordance with Google's privacy policy (https://policies.google.com/privacy) and is not used to identify you.
 
[info] 
[info] Visit this URL on this device to log in:
[info] https://accounts.google.com/o/oauth2/auth?client_id=563584335869-fgrhgmd47bqnekij5i8b5pr03ho849e6.apps.googleusercontent.com&scope=email%20openid%20https%3A%2F%2Fwww.googleapis.com%2Fauth%2Fcloudplatformprojects.readonly%20https%3A%2F%2Fwww.googleapis.com%2Fauth%2Ffirebase%20https%3A%2F%2Fwww.googleapis.com%2Fauth%2Fcloud-platform&response_type=code&state=582225074&redirect_uri=http%3A%2F%2Flocalhost%3A9005
[info] 
[info] Waiting for authentication...
[debug] [2021-01-28T10:37:39.334Z] >>> HTTP REQUEST POST https://accounts.google.com/o/oauth2/token  
 {"code":"4/0AY0e-g53nalbVO2Y7ZwGip4rbL5ZcGp_KP5nhiKPCr9zLJtXhGrFNM4Qu9Q0R-OPpHdRTQ","client_id":"563584335869-fgrhgmd47bqnekij5i8b5pr03ho849e6.apps.googleusercontent.com","client_secret":"j9iVZfS8kkCEFUPaAeJV0sAi","redirect_uri":"http://localhost:9005","grant_type":"authorization_code"}
[debug] [2021-01-28T10:37:39.628Z] Token Fetch Error: FirebaseError: Server Error. unable to get local issuer certificate
    at Request._callback (C:\Users\BI20171713\AppData\Roaming\npm\node_modules\firebase-tools\lib\api.js:32:31)
    at self.callback (C:\Users\BI20171713\AppData\Roaming\npm\node_modules\firebase-tools\node_modules\request\request.js:185:22)
    at Request.emit (events.js:315:20)
    at Request.EventEmitter.emit (domain.js:486:12)
    at Request.onRequestError (C:\Users\BI20171713\AppData\Roaming\npm\node_modules\firebase-tools\node_modules\request\request.js:877:8)
    at ClientRequest.emit (events.js:315:20)
    at ClientRequest.EventEmitter.emit (domain.js:486:12)
    at TLSSocket.socketErrorListener (_http_client.js:469:9)
    at TLSSocket.emit (events.js:315:20)
    at TLSSocket.EventEmitter.emit (domain.js:486:12)
    at emitErrorNT (internal/streams/destroy.js:106:8)
    at emitErrorCloseNT (internal/streams/destroy.js:74:3)
    at processTicksAndRejections (internal/process/task_queues.js:80:21)
